Arguments: 
  /usr/local/bin/node /usr/share/yarn/bin/yarn.js add pull-state

PATH: 
  /home/valeryia/.local/bin:/home/valeryia/.local/bin:/usr/local/sbin:/usr/local/bin:/usr/sbin:/usr/bin:/sbin:/bin:/usr/games:/usr/local/games:/snap/bin

Yarn version: 
  1.22.18

Node version: 
  16.16.0

Platform: 
  linux x64

Trace: 
  Error: https://registry.yarnpkg.com/pull-state: Not found
      at Request.params.callback [as _callback] (/usr/share/yarn/lib/cli.js:66138:18)
      at Request.self.callback (/usr/share/yarn/lib/cli.js:140883:22)
      at Request.emit (node:events:527:28)
      at Request.<anonymous> (/usr/share/yarn/lib/cli.js:141855:10)
      at Request.emit (node:events:527:28)
      at IncomingMessage.<anonymous> (/usr/share/yarn/lib/cli.js:141777:12)
      at Object.onceWrapper (node:events:641:28)
      at IncomingMessage.emit (node:events:539:35)
      at endReadableNT (node:internal/streams/readable:1345:12)
      at processTicksAndRejections (node:internal/process/task_queues:83:21)

npm manifest: 
  {
      "name": "studying",
      "version": "1.0.0",
      "description": "mern",
      "main": "app.js",
      "scripts": {
          "start": "node app.js",
          "server": "nodemon app.js --ignore client",
          "client": "yarn --cwd client start",
          "dev": "concurrently \"npm run server\" \"npm run client\""
      },
      "author": "Lera Chizh",
      "license": "ISC",
      "dependencies": {
          "bcrypt": "5.0.1",
          "concurrently": "7.3.0",
          "config": "3.3.7",
          "create-react-app": "1.2.1",
          "express": "4.18.1",
          "express-validator": "6.14.2",
          "jsonwebtoken": "8.5.1",
          "mongoose": "6.5.0",
          "nodemon": "2.0.19",
          "tar": "6.1.11"
      }
  }

yarn manifest: 
  No manifest

Lockfile: 
  No lockfile
